<?xml version="1.0" encoding="UTF-8"?>
<robot generator="Robot 5.0.1 (Python 3.9.6 on win32)" generated="20220712 15:03:52.345" rpa="false" schemaversion="3">
<suite id="s1" name="Autotest Test" source="C:\MxAutomation\auto-test\tests\autotest_test.robot">
<test id="s1-t1" name="Automation Task Test Scenario" line="8">
<kw name="Open URL" library="autotest_steps">
<kw name="Open Browser" library="Selenium2Library">
<arg>${URL}</arg>
<arg>${BROWSER}</arg>
<doc>Opens a new browser instance to the optional ``url``.</doc>
<msg timestamp="20220712 15:03:52.532" level="INFO">Opening browser 'Chrome' to base url 'https://www.freeletics.com'.</msg>
<status status="PASS" starttime="20220712 15:03:52.532" endtime="20220712 15:03:55.246"/>
</kw>
<kw name="Maximize Browser Window" library="Selenium2Library">
<doc>Maximizes current browser window.</doc>
<status status="PASS" starttime="20220712 15:03:55.247" endtime="20220712 15:03:55.391"/>
</kw>
<kw name="Wait Until Element Is Visible" library="Selenium2Library">
<arg>${accept_cookies}</arg>
<arg>20s</arg>
<doc>Waits until the element ``locator`` is visible.</doc>
<status status="PASS" starttime="20220712 15:03:55.391" endtime="20220712 15:03:55.418"/>
</kw>
<kw name="Click Element" library="Selenium2Library">
<arg>${accept_cookies}</arg>
<doc>Click the element identified by ``locator``.</doc>
<msg timestamp="20220712 15:03:55.419" level="INFO">Clicking element '//span[contains(text(), 'Accept all cookies')]'.</msg>
<status status="PASS" starttime="20220712 15:03:55.418" endtime="20220712 15:03:55.492"/>
</kw>
<kw name="Title Should Be" library="Selenium2Library">
<arg>${page_title}</arg>
<doc>Verifies that the current page title equals ``title``.</doc>
<msg timestamp="20220712 15:03:55.496" level="INFO">Page title is 'Intensive workouts &amp; individual training plans | FREELETICS'.</msg>
<status status="PASS" starttime="20220712 15:03:55.492" endtime="20220712 15:03:55.496"/>
</kw>
<status status="PASS" starttime="20220712 15:03:52.531" endtime="20220712 15:03:55.497"/>
</kw>
<kw name="Go To Careers And Select QA Engineer" library="autotest_steps">
<kw name="Wait Until Element Is Visible" library="Selenium2Library">
<arg>${home_page}</arg>
<arg>20s</arg>
<doc>Waits until the element ``locator`` is visible.</doc>
<status status="PASS" starttime="20220712 15:03:55.499" endtime="20220712 15:03:55.519"/>
</kw>
<kw name="Execute Javascript" library="Selenium2Library">
<arg>window.scrollTo(0, document.body.scrollHeight)</arg>
<doc>Executes the given JavaScript code with possible arguments.</doc>
<msg timestamp="20220712 15:03:55.519" level="INFO">Executing JavaScript:
window.scrollTo(0, document.body.scrollHeight)
Without any arguments.</msg>
<status status="PASS" starttime="20220712 15:03:55.519" endtime="20220712 15:03:55.523"/>
</kw>
<kw name="Click Element" library="Selenium2Library">
<arg>${careers}</arg>
<doc>Click the element identified by ``locator``.</doc>
<msg timestamp="20220712 15:03:55.524" level="INFO">Clicking element '//ul[@class='ljBmczspopnO']//span[contains(text(), 'Careers')]'.</msg>
<status status="PASS" starttime="20220712 15:03:55.523" endtime="20220712 15:03:55.672"/>
</kw>
<kw name="Wait Until Element Is Visible" library="Selenium2Library">
<arg>${open_positions_title}</arg>
<arg>20s</arg>
<doc>Waits until the element ``locator`` is visible.</doc>
<status status="PASS" starttime="20220712 15:03:55.672" endtime="20220712 15:03:56.774"/>
</kw>
<kw name="Click Element" library="Selenium2Library">
<arg>${open_positions_button}</arg>
<doc>Click the element identified by ``locator``.</doc>
<msg timestamp="20220712 15:03:56.776" level="INFO">Clicking element '//a[@class='AisLsJaE_AWn xK8HVPyWXV90 eG_BJQQLdVcX ']//span'.</msg>
<status status="PASS" starttime="20220712 15:03:56.775" endtime="20220712 15:03:56.837"/>
</kw>
<kw name="Wait Until Element Is Visible" library="Selenium2Library">
<arg>${qa_engineer_jobpost}</arg>
<arg>20s</arg>
<doc>Waits until the element ``locator`` is visible.</doc>
<status status="PASS" starttime="20220712 15:03:56.838" endtime="20220712 15:03:57.086"/>
</kw>
<kw name="Scroll Element Into View" library="Selenium2Library">
<arg>${qa_engineer_jobpost}</arg>
<doc>Scrolls the element identified by ``locator`` into view.</doc>
<status status="PASS" starttime="20220712 15:03:57.087" endtime="20220712 15:03:57.365"/>
</kw>
<kw name="Click Element" library="Selenium2Library">
<arg>${qa_engineer_jobpost}</arg>
<doc>Click the element identified by ``locator``.</doc>
<msg timestamp="20220712 15:03:57.366" level="INFO">Clicking element '//a[contains(text(), 'QA Engineer (all genders) - Remote or Munich')]'.</msg>
<status status="PASS" starttime="20220712 15:03:57.365" endtime="20220712 15:03:57.432"/>
</kw>
<status status="PASS" starttime="20220712 15:03:55.498" endtime="20220712 15:03:57.432"/>
</kw>
<kw name="Validate The Results" library="autotest_steps">
<kw name="Wait Until Element Is Visible" library="Selenium2Library">
<arg>${job_title}</arg>
<doc>Waits until the element ``locator`` is visible.</doc>
<status status="PASS" starttime="20220712 15:03:57.434" endtime="20220712 15:03:57.504"/>
</kw>
<kw name="Page Should Contain Element" library="Selenium2Library">
<arg>${job_title}</arg>
<doc>Verifies that element ``locator`` is found on the current page.</doc>
<msg timestamp="20220712 15:03:57.513" level="INFO">Current page contains element '//h1[contains(text(), 'QA Engineer (all genders) - Remote or Munich')]'.</msg>
<status status="PASS" starttime="20220712 15:03:57.504" endtime="20220712 15:03:57.513"/>
</kw>
<kw name="Page Should Contain Element" library="Selenium2Library">
<arg>${role_description}</arg>
<doc>Verifies that element ``locator`` is found on the current page.</doc>
<msg timestamp="20220712 15:03:57.523" level="INFO">Current page contains element '//section[@itemprop='description']'.</msg>
<status status="PASS" starttime="20220712 15:03:57.513" endtime="20220712 15:03:57.523"/>
</kw>
<kw name="Scroll Element Into View" library="Selenium2Library">
<arg>${your_responsibilities}</arg>
<doc>Scrolls the element identified by ``locator`` into view.</doc>
<status status="PASS" starttime="20220712 15:03:57.523" endtime="20220712 15:03:57.802"/>
</kw>
<kw name="Element Text Should Be" library="Selenium2Library">
<arg>${your_responsibilities}</arg>
<arg>Your Responsibilities</arg>
<doc>Verifies that element ``locator`` contains exact the text ``expected``.</doc>
<msg timestamp="20220712 15:03:57.803" level="INFO">Verifying element '//h2[contains(text(), 'Your Responsibilities')]' contains exact text 'Your Responsibilities'.</msg>
<status status="PASS" starttime="20220712 15:03:57.802" endtime="20220712 15:03:57.824"/>
</kw>
<kw name="Page Should Contain Element" library="Selenium2Library">
<arg>${points_in_your_responsibilities}</arg>
<arg>limit=7</arg>
<doc>Verifies that element ``locator`` is found on the current page.</doc>
<msg timestamp="20220712 15:03:57.836" level="INFO">Current page contains 7 element(s).</msg>
<status status="PASS" starttime="20220712 15:03:57.824" endtime="20220712 15:03:57.836"/>
</kw>
<kw name="Element Text Should Be" library="Selenium2Library">
<arg>${your_profile}</arg>
<arg>Your Profile</arg>
<doc>Verifies that element ``locator`` contains exact the text ``expected``.</doc>
<msg timestamp="20220712 15:03:57.836" level="INFO">Verifying element '//h2[contains(text(), 'Your Profile')]' contains exact text 'Your Profile'.</msg>
<status status="PASS" starttime="20220712 15:03:57.836" endtime="20220712 15:03:57.857"/>
</kw>
<kw name="Page Should Contain Element" library="Selenium2Library">
<arg>${points_in_your_profile}</arg>
<arg>limit=6</arg>
<doc>Verifies that element ``locator`` is found on the current page.</doc>
<msg timestamp="20220712 15:03:57.867" level="INFO">Current page contains 6 element(s).</msg>
<status status="PASS" starttime="20220712 15:03:57.857" endtime="20220712 15:03:57.867"/>
</kw>
<kw name="Scroll Element Into View" library="Selenium2Library">
<arg>${applynow_button}</arg>
<doc>Scrolls the element identified by ``locator`` into view.</doc>
<status status="PASS" starttime="20220712 15:03:57.868" endtime="20220712 15:03:58.158"/>
</kw>
<kw name="Click Element" library="Selenium2Library">
<arg>${applynow_button}</arg>
<doc>Click the element identified by ``locator``.</doc>
<msg timestamp="20220712 15:03:58.158" level="INFO">Clicking element '//span[contains(text(), 'Apply now')]'.</msg>
<status status="PASS" starttime="20220712 15:03:58.158" endtime="20220712 15:03:58.241"/>
</kw>
<kw name="Switch Window" library="Selenium2Library">
<arg>Freeletics - QA Engineer (all genders) - Remote or Munich</arg>
<doc>Switches to browser window matching ``locator``.</doc>
<status status="PASS" starttime="20220712 15:03:58.241" endtime="20220712 15:04:00.731"/>
</kw>
<kw name="Page Should Contain Element" library="Selenium2Library">
<arg>${application_form_page}</arg>
<doc>Verifies that element ``locator`` is found on the current page.</doc>
<msg timestamp="20220712 15:04:00.752" level="INFO">Current page contains element '//h4[contains(text(), 'Submit your application')]'.</msg>
<status status="PASS" starttime="20220712 15:04:00.731" endtime="20220712 15:04:00.752"/>
</kw>
<status status="PASS" starttime="20220712 15:03:57.433" endtime="20220712 15:04:00.752"/>
</kw>
<status status="PASS" starttime="20220712 15:03:52.531" endtime="20220712 15:04:00.753"/>
</test>
<status status="PASS" starttime="20220712 15:03:52.346" endtime="20220712 15:04:00.755"/>
</suite>
<statistics>
<total>
<stat pass="1" fail="0" skip="0">All Tests</stat>
</total>
<tag>
</tag>
<suite>
<stat pass="1" fail="0" skip="0" id="s1" name="Autotest Test">Autotest Test</stat>
</suite>
</statistics>
<errors>
</errors>
</robot>
